<?xml version="1.0" encoding="UTF-8"?>
<testng-results skipped="0" failed="0" total="1" passed="1">
  <reporter-output>
  </reporter-output>
  <suite name="Suite" duration-ms="55" started-at="2018-12-05T13:37:17Z" finished-at="2018-12-05T13:37:18Z">
    <groups>
    </groups>
    <test name="Test" duration-ms="55" started-at="2018-12-05T13:37:17Z" finished-at="2018-12-05T13:37:18Z">
      <class name="leadingedge.mavendemo">
        <test-method status="PASS" signature="samplemvn()" name="samplemvn" duration-ms="40" started-at="2018-12-05T13:37:18Z" finished-at="2018-12-05T13:37:18Z">
        </test-method>
      </class>
    </test>
  </suite>
</testng-results>
